<?xml version="1.0" encoding="UTF-8"?>
<!-- Generated by org.testng.reporters.JUnitXMLReporter -->
<testsuite ignored="0" hostname="Devesh" failures="1" tests="1" name="Default test(failed)" time="51.257" errors="0" timestamp="2025-01-13T13:49:11 IST">
  <testcase classname="practice.InvoicePractice" name="createInvoiceTest" time="0.079">
    <failure type="java.lang.AssertionError" message="expected [Login] but found [Administrator - Home - vtiger CRM 5 - Commercial Open Source CRM]">
      <![CDATA[java.lang.AssertionError: expected [Login] but found [Administrator - Home - vtiger CRM 5 - Commercial Open Source CRM]
at practice.InvoicePractice.createInvoiceTest(InvoicePractice.java:14)
at java.base/java.util.ArrayList.forEach(ArrayList.java:1597)
... Removed 31 stack frames]]>
    </failure>
  </testcase> <!-- createInvoiceTest -->
</testsuite> <!-- Default test(failed) -->
